2022-09-11 01:16:39.546  INFO 26556 --- [main] c.r.bookdetails.BookdetailsApplication   : Starting BookdetailsApplication using Java 17.0.4.1 on DESKTOP-1NS713C with PID 26556 (E:\Karan\WorkSpace\bookdetails\bookdetails\target\classes started by Deepika in E:\Karan\WorkSpace\bookdetails\bookdetails)
2022-09-11 01:16:39.550  INFO 26556 --- [main] c.r.bookdetails.BookdetailsApplication   : No active profile set, falling back to 1 default profile: "default"
2022-09-11 01:16:40.317  INFO 26556 --- [main] o.s.b.w.embedded.tomcat.TomcatWebServer  : Tomcat initialized with port(s): 9092 (http)
2022-09-11 01:16:40.325  INFO 26556 --- [main] o.apache.catalina.core.StandardService   : Starting service [Tomcat]
2022-09-11 01:16:40.327  INFO 26556 --- [main] org.apache.catalina.core.StandardEngine  : Starting Servlet engine: [Apache Tomcat/9.0.65]
2022-09-11 01:16:40.478  INFO 26556 --- [main] o.a.c.c.C.[Tomcat].[localhost].[/]       : Initializing Spring embedded WebApplicationContext
2022-09-11 01:16:40.478  INFO 26556 --- [main] w.s.c.ServletWebServerApplicationContext : Root WebApplicationContext: initialization completed in 888 ms
2022-09-11 01:16:40.824  INFO 26556 --- [main] o.s.b.w.embedded.tomcat.TomcatWebServer  : Tomcat started on port(s): 9092 (http) with context path ''
2022-09-11 01:16:40.832  INFO 26556 --- [main] c.r.bookdetails.BookdetailsApplication   : Started BookdetailsApplication in 1.642 seconds (JVM running for 2.036)
2022-09-11 01:18:06.975  INFO 26556 --- [http-nio-9092-exec-1] o.a.c.c.C.[Tomcat].[localhost].[/]       : Initializing Spring DispatcherServlet 'dispatcherServlet'
2022-09-11 01:18:06.976  INFO 26556 --- [http-nio-9092-exec-1] o.s.web.servlet.DispatcherServlet        : Initializing Servlet 'dispatcherServlet'
2022-09-11 01:18:06.977  INFO 26556 --- [http-nio-9092-exec-1] o.s.web.servlet.DispatcherServlet        : Completed initialization in 1 ms
2022-09-11 01:29:35.274  INFO 21556 --- [main] c.r.bookdetails.BookdetailsApplication   : Starting BookdetailsApplication using Java 17.0.4.1 on DESKTOP-1NS713C with PID 21556 (E:\Karan\WorkSpace\bookdetails\bookdetails\target\classes started by Deepika in E:\Karan\WorkSpace\bookdetails\bookdetails)
2022-09-11 01:29:35.279  INFO 21556 --- [main] c.r.bookdetails.BookdetailsApplication   : No active profile set, falling back to 1 default profile: "default"
2022-09-11 01:29:37.107  INFO 21556 --- [main] o.s.b.w.embedded.tomcat.TomcatWebServer  : Tomcat initialized with port(s): 9092 (http)
2022-09-11 01:29:37.123  INFO 21556 --- [main] o.apache.catalina.core.StandardService   : Starting service [Tomcat]
2022-09-11 01:29:37.124  INFO 21556 --- [main] org.apache.catalina.core.StandardEngine  : Starting Servlet engine: [Apache Tomcat/9.0.65]
2022-09-11 01:29:37.360  INFO 21556 --- [main] o.a.c.c.C.[Tomcat].[localhost].[/]       : Initializing Spring embedded WebApplicationContext
2022-09-11 01:29:37.361  INFO 21556 --- [main] w.s.c.ServletWebServerApplicationContext : Root WebApplicationContext: initialization completed in 1972 ms
2022-09-11 01:29:38.101  INFO 21556 --- [main] o.s.b.w.embedded.tomcat.TomcatWebServer  : Tomcat started on port(s): 9092 (http) with context path ''
2022-09-11 01:29:38.124  INFO 21556 --- [main] c.r.bookdetails.BookdetailsApplication   : Started BookdetailsApplication in 3.541 seconds (JVM running for 4.33)
2022-09-11 01:30:09.100  INFO 21556 --- [http-nio-9092-exec-1] o.a.c.c.C.[Tomcat].[localhost].[/]       : Initializing Spring DispatcherServlet 'dispatcherServlet'
2022-09-11 01:30:09.101  INFO 21556 --- [http-nio-9092-exec-1] o.s.web.servlet.DispatcherServlet        : Initializing Servlet 'dispatcherServlet'
2022-09-11 01:30:09.103  INFO 21556 --- [http-nio-9092-exec-1] o.s.web.servlet.DispatcherServlet        : Completed initialization in 2 ms
2022-09-11 01:30:09.134  INFO 21556 --- [http-nio-9092-exec-1] c.r.b.controller.BookDetailsController   : Returning all the books list
2022-09-11 01:30:25.111  INFO 21556 --- [http-nio-9092-exec-3] c.r.b.controller.BookDetailsController   : Returning all the books list
